[20-Sep-2018 15:08:35 UTC] PHP Warning:  PHP Startup: Unable to load dynamic library 'php_imagick.dll' (tried: ext\php_imagick.dll (The specified module could not be found.), ext\php_php_imagick.dll.dll (The specified module could not be found.)) in Unknown on line 0
[20-Sep-2018 15:08:35 UTC] PHP Warning:  PHP Startup: Unable to load dynamic library 'php_oci8_12c.dll' (tried: ext\php_oci8_12c.dll (The specified module could not be found.), ext\php_php_oci8_12c.dll.dll (The specified module could not be found.)) in Unknown on line 0
[20-Sep-2018 15:08:35 UTC] PHP Warning:  PHP Startup: Unable to load dynamic library 'php_pdflib.dll' (tried: ext\php_pdflib.dll (The specified module could not be found.), ext\php_php_pdflib.dll.dll (The specified module could not be found.)) in Unknown on line 0
[20-Sep-2018 15:08:35 UTC] PHP Warning:  PHP Startup: Unable to load dynamic library 'php_pdo_oci.dll' (tried: ext\php_pdo_oci.dll (The specified module could not be found.), ext\php_php_pdo_oci.dll.dll (The specified module could not be found.)) in Unknown on line 0
[20-Sep-2018 15:09:33 UTC] PHP Warning:  PHP Startup: Unable to load dynamic library 'php_imagick.dll' (tried: ext\php_imagick.dll (The specified module could not be found.), ext\php_php_imagick.dll.dll (The specified module could not be found.)) in Unknown on line 0
[20-Sep-2018 15:09:33 UTC] PHP Warning:  PHP Startup: Unable to load dynamic library 'php_oci8_12c.dll' (tried: ext\php_oci8_12c.dll (The specified module could not be found.), ext\php_php_oci8_12c.dll.dll (The specified module could not be found.)) in Unknown on line 0
[20-Sep-2018 15:09:33 UTC] PHP Warning:  PHP Startup: Unable to load dynamic library 'php_pdflib.dll' (tried: ext\php_pdflib.dll (The specified module could not be found.), ext\php_php_pdflib.dll.dll (The specified module could not be found.)) in Unknown on line 0
[20-Sep-2018 15:09:33 UTC] PHP Warning:  PHP Startup: Unable to load dynamic library 'php_pdo_oci.dll' (tried: ext\php_pdo_oci.dll (The specified module could not be found.), ext\php_php_pdo_oci.dll.dll (The specified module could not be found.)) in Unknown on line 0
[20-Sep-2018 15:09:38 UTC] PHP Warning:  PHP Startup: Unable to load dynamic library 'php_imagick.dll' (tried: ext\php_imagick.dll (The specified module could not be found.), ext\php_php_imagick.dll.dll (The specified module could not be found.)) in Unknown on line 0
[20-Sep-2018 15:09:38 UTC] PHP Warning:  PHP Startup: Unable to load dynamic library 'php_oci8_12c.dll' (tried: ext\php_oci8_12c.dll (The specified module could not be found.), ext\php_php_oci8_12c.dll.dll (The specified module could not be found.)) in Unknown on line 0
[20-Sep-2018 15:09:38 UTC] PHP Warning:  PHP Startup: Unable to load dynamic library 'php_pdflib.dll' (tried: ext\php_pdflib.dll (The specified module could not be found.), ext\php_php_pdflib.dll.dll (The specified module could not be found.)) in Unknown on line 0
[20-Sep-2018 15:09:38 UTC] PHP Warning:  PHP Startup: Unable to load dynamic library 'php_pdo_oci.dll' (tried: ext\php_pdo_oci.dll (The specified module could not be found.), ext\php_php_pdo_oci.dll.dll (The specified module could not be found.)) in Unknown on line 0
[20-Sep-2018 15:09:51 UTC] PHP Warning:  PHP Startup: Unable to load dynamic library 'php_imagick.dll' (tried: ext\php_imagick.dll (The specified module could not be found.), ext\php_php_imagick.dll.dll (The specified module could not be found.)) in Unknown on line 0
[20-Sep-2018 15:09:51 UTC] PHP Warning:  PHP Startup: Unable to load dynamic library 'php_oci8_12c.dll' (tried: ext\php_oci8_12c.dll (The specified module could not be found.), ext\php_php_oci8_12c.dll.dll (The specified module could not be found.)) in Unknown on line 0
[20-Sep-2018 15:09:51 UTC] PHP Warning:  PHP Startup: Unable to load dynamic library 'php_pdflib.dll' (tried: ext\php_pdflib.dll (The specified module could not be found.), ext\php_php_pdflib.dll.dll (The specified module could not be found.)) in Unknown on line 0
[20-Sep-2018 15:09:51 UTC] PHP Warning:  PHP Startup: Unable to load dynamic library 'php_pdo_oci.dll' (tried: ext\php_pdo_oci.dll (The specified module could not be found.), ext\php_php_pdo_oci.dll.dll (The specified module could not be found.)) in Unknown on line 0
[20-Sep-2018 15:10:04 UTC] PHP Warning:  PHP Startup: Unable to load dynamic library 'php_imagick.dll' (tried: ext\php_imagick.dll (The specified module could not be found.), ext\php_php_imagick.dll.dll (The specified module could not be found.)) in Unknown on line 0
[20-Sep-2018 15:10:04 UTC] PHP Warning:  PHP Startup: Unable to load dynamic library 'php_oci8_12c.dll' (tried: ext\php_oci8_12c.dll (The specified module could not be found.), ext\php_php_oci8_12c.dll.dll (The specified module could not be found.)) in Unknown on line 0
[20-Sep-2018 15:10:04 UTC] PHP Warning:  PHP Startup: Unable to load dynamic library 'php_pdflib.dll' (tried: ext\php_pdflib.dll (The specified module could not be found.), ext\php_php_pdflib.dll.dll (The specified module could not be found.)) in Unknown on line 0
[20-Sep-2018 15:10:04 UTC] PHP Warning:  PHP Startup: Unable to load dynamic library 'php_pdo_oci.dll' (tried: ext\php_pdo_oci.dll (The specified module could not be found.), ext\php_php_pdo_oci.dll.dll (The specified module could not be found.)) in Unknown on line 0
[20-Sep-2018 15:10:51 UTC] PHP Warning:  PHP Startup: Unable to load dynamic library 'php_imagick.dll' (tried: ext\php_imagick.dll (The specified module could not be found.), ext\php_php_imagick.dll.dll (The specified module could not be found.)) in Unknown on line 0
[20-Sep-2018 15:10:51 UTC] PHP Warning:  PHP Startup: Unable to load dynamic library 'php_oci8_12c.dll' (tried: ext\php_oci8_12c.dll (The specified module could not be found.), ext\php_php_oci8_12c.dll.dll (The specified module could not be found.)) in Unknown on line 0
[20-Sep-2018 15:10:51 UTC] PHP Warning:  PHP Startup: Unable to load dynamic library 'php_pdflib.dll' (tried: ext\php_pdflib.dll (The specified module could not be found.), ext\php_php_pdflib.dll.dll (The specified module could not be found.)) in Unknown on line 0
[20-Sep-2018 15:10:51 UTC] PHP Warning:  PHP Startup: Unable to load dynamic library 'php_pdo_oci.dll' (tried: ext\php_pdo_oci.dll (The specified module could not be found.), ext\php_php_pdo_oci.dll.dll (The specified module could not be found.)) in Unknown on line 0
[20-Sep-2018 15:19:58 UTC] PHP Warning:  PHP Startup: Unable to load dynamic library 'php_imagick.dll' (tried: ext\php_imagick.dll (The specified module could not be found.), ext\php_php_imagick.dll.dll (The specified module could not be found.)) in Unknown on line 0
[20-Sep-2018 15:19:58 UTC] PHP Warning:  PHP Startup: Unable to load dynamic library 'php_oci8_12c.dll' (tried: ext\php_oci8_12c.dll (The specified module could not be found.), ext\php_php_oci8_12c.dll.dll (The specified module could not be found.)) in Unknown on line 0
[20-Sep-2018 15:19:58 UTC] PHP Warning:  PHP Startup: Unable to load dynamic library 'php_pdflib.dll' (tried: ext\php_pdflib.dll (The specified module could not be found.), ext\php_php_pdflib.dll.dll (The specified module could not be found.)) in Unknown on line 0
[20-Sep-2018 15:19:58 UTC] PHP Warning:  PHP Startup: Unable to load dynamic library 'php_pdo_oci.dll' (tried: ext\php_pdo_oci.dll (The specified module could not be found.), ext\php_php_pdo_oci.dll.dll (The specified module could not be found.)) in Unknown on line 0
[20-Sep-2018 15:19:59 UTC] PHP Warning:  PHP Startup: Unable to load dynamic library 'php_imagick.dll' (tried: ext\php_imagick.dll (The specified module could not be found.), ext\php_php_imagick.dll.dll (The specified module could not be found.)) in Unknown on line 0
[20-Sep-2018 15:19:59 UTC] PHP Warning:  PHP Startup: Unable to load dynamic library 'php_oci8_12c.dll' (tried: ext\php_oci8_12c.dll (The specified module could not be found.), ext\php_php_oci8_12c.dll.dll (The specified module could not be found.)) in Unknown on line 0
[20-Sep-2018 15:19:59 UTC] PHP Warning:  PHP Startup: Unable to load dynamic library 'php_pdflib.dll' (tried: ext\php_pdflib.dll (The specified module could not be found.), ext\php_php_pdflib.dll.dll (The specified module could not be found.)) in Unknown on line 0
[20-Sep-2018 15:19:59 UTC] PHP Warning:  PHP Startup: Unable to load dynamic library 'php_pdo_oci.dll' (tried: ext\php_pdo_oci.dll (The specified module could not be found.), ext\php_php_pdo_oci.dll.dll (The specified module could not be found.)) in Unknown on line 0
[20-Sep-2018 15:25:19 UTC] PHP Warning:  PHP Startup: Unable to load dynamic library 'php_imagick.dll' (tried: ext\php_imagick.dll (The specified module could not be found.), ext\php_php_imagick.dll.dll (The specified module could not be found.)) in Unknown on line 0
[20-Sep-2018 15:25:19 UTC] PHP Warning:  PHP Startup: Unable to load dynamic library 'php_oci8_12c.dll' (tried: ext\php_oci8_12c.dll (The specified module could not be found.), ext\php_php_oci8_12c.dll.dll (The specified module could not be found.)) in Unknown on line 0
[20-Sep-2018 15:25:19 UTC] PHP Warning:  PHP Startup: Unable to load dynamic library 'php_pdflib.dll' (tried: ext\php_pdflib.dll (The specified module could not be found.), ext\php_php_pdflib.dll.dll (The specified module could not be found.)) in Unknown on line 0
[20-Sep-2018 15:25:19 UTC] PHP Warning:  PHP Startup: Unable to load dynamic library 'php_pdo_oci.dll' (tried: ext\php_pdo_oci.dll (The specified module could not be found.), ext\php_php_pdo_oci.dll.dll (The specified module could not be found.)) in Unknown on line 0
[20-Sep-2018 15:25:21 UTC] PHP Warning:  PHP Startup: Unable to load dynamic library 'php_imagick.dll' (tried: ext\php_imagick.dll (The specified module could not be found.), ext\php_php_imagick.dll.dll (The specified module could not be found.)) in Unknown on line 0
[20-Sep-2018 15:25:21 UTC] PHP Warning:  PHP Startup: Unable to load dynamic library 'php_oci8_12c.dll' (tried: ext\php_oci8_12c.dll (The specified module could not be found.), ext\php_php_oci8_12c.dll.dll (The specified module could not be found.)) in Unknown on line 0
[20-Sep-2018 15:25:21 UTC] PHP Warning:  PHP Startup: Unable to load dynamic library 'php_pdflib.dll' (tried: ext\php_pdflib.dll (The specified module could not be found.), ext\php_php_pdflib.dll.dll (The specified module could not be found.)) in Unknown on line 0
[20-Sep-2018 15:25:21 UTC] PHP Warning:  PHP Startup: Unable to load dynamic library 'php_pdo_oci.dll' (tried: ext\php_pdo_oci.dll (The specified module could not be found.), ext\php_php_pdo_oci.dll.dll (The specified module could not be found.)) in Unknown on line 0
[20-Sep-2018 15:26:22 UTC] PHP Warning:  PHP Startup: Unable to load dynamic library 'php_imagick.dll' (tried: ext\php_imagick.dll (The specified module could not be found.), ext\php_php_imagick.dll.dll (The specified module could not be found.)) in Unknown on line 0
[20-Sep-2018 15:26:22 UTC] PHP Warning:  PHP Startup: Unable to load dynamic library 'php_oci8_12c.dll' (tried: ext\php_oci8_12c.dll (The specified module could not be found.), ext\php_php_oci8_12c.dll.dll (The specified module could not be found.)) in Unknown on line 0
[20-Sep-2018 15:26:22 UTC] PHP Warning:  PHP Startup: Unable to load dynamic library 'php_pdflib.dll' (tried: ext\php_pdflib.dll (The specified module could not be found.), ext\php_php_pdflib.dll.dll (The specified module could not be found.)) in Unknown on line 0
[20-Sep-2018 15:26:22 UTC] PHP Warning:  PHP Startup: Unable to load dynamic library 'php_pdo_oci.dll' (tried: ext\php_pdo_oci.dll (The specified module could not be found.), ext\php_php_pdo_oci.dll.dll (The specified module could not be found.)) in Unknown on line 0
[20-Sep-2018 15:31:44 UTC] PHP Warning:  PHP Startup: Unable to load dynamic library 'php_imagick.dll' (tried: ext\php_imagick.dll (The specified module could not be found.), ext\php_php_imagick.dll.dll (The specified module could not be found.)) in Unknown on line 0
[20-Sep-2018 15:31:44 UTC] PHP Warning:  PHP Startup: Unable to load dynamic library 'php_oci8_12c.dll' (tried: ext\php_oci8_12c.dll (The specified module could not be found.), ext\php_php_oci8_12c.dll.dll (The specified module could not be found.)) in Unknown on line 0
[20-Sep-2018 15:31:44 UTC] PHP Warning:  PHP Startup: Unable to load dynamic library 'php_pdflib.dll' (tried: ext\php_pdflib.dll (The specified module could not be found.), ext\php_php_pdflib.dll.dll (The specified module could not be found.)) in Unknown on line 0
[20-Sep-2018 15:31:44 UTC] PHP Warning:  PHP Startup: Unable to load dynamic library 'php_pdo_oci.dll' (tried: ext\php_pdo_oci.dll (The specified module could not be found.), ext\php_php_pdo_oci.dll.dll (The specified module could not be found.)) in Unknown on line 0
[20-Sep-2018 15:43:24 UTC] PHP Warning:  PHP Startup: Unable to load dynamic library 'php_imagick.dll' (tried: ext\php_imagick.dll (The specified module could not be found.), ext\php_php_imagick.dll.dll (The specified module could not be found.)) in Unknown on line 0
[20-Sep-2018 15:43:24 UTC] PHP Warning:  PHP Startup: Unable to load dynamic library 'php_oci8_12c.dll' (tried: ext\php_oci8_12c.dll (The specified module could not be found.), ext\php_php_oci8_12c.dll.dll (The specified module could not be found.)) in Unknown on line 0
[20-Sep-2018 15:43:24 UTC] PHP Warning:  PHP Startup: Unable to load dynamic library 'php_pdflib.dll' (tried: ext\php_pdflib.dll (The specified module could not be found.), ext\php_php_pdflib.dll.dll (The specified module could not be found.)) in Unknown on line 0
[20-Sep-2018 15:43:24 UTC] PHP Warning:  PHP Startup: Unable to load dynamic library 'php_pdo_oci.dll' (tried: ext\php_pdo_oci.dll (The specified module could not be found.), ext\php_php_pdo_oci.dll.dll (The specified module could not be found.)) in Unknown on line 0
[20-Sep-2018 15:43:26 UTC] PHP Warning:  PHP Startup: Unable to load dynamic library 'php_imagick.dll' (tried: ext\php_imagick.dll (The specified module could not be found.), ext\php_php_imagick.dll.dll (The specified module could not be found.)) in Unknown on line 0
[20-Sep-2018 15:43:26 UTC] PHP Warning:  PHP Startup: Unable to load dynamic library 'php_oci8_12c.dll' (tried: ext\php_oci8_12c.dll (The specified module could not be found.), ext\php_php_oci8_12c.dll.dll (The specified module could not be found.)) in Unknown on line 0
[20-Sep-2018 15:43:26 UTC] PHP Warning:  PHP Startup: Unable to load dynamic library 'php_pdflib.dll' (tried: ext\php_pdflib.dll (The specified module could not be found.), ext\php_php_pdflib.dll.dll (The specified module could not be found.)) in Unknown on line 0
[20-Sep-2018 15:43:26 UTC] PHP Warning:  PHP Startup: Unable to load dynamic library 'php_pdo_oci.dll' (tried: ext\php_pdo_oci.dll (The specified module could not be found.), ext\php_php_pdo_oci.dll.dll (The specified module could not be found.)) in Unknown on line 0
[20-Sep-2018 15:44:13 UTC] PHP Warning:  PHP Startup: Unable to load dynamic library 'php_imagick.dll' (tried: ext\php_imagick.dll (The specified module could not be found.), ext\php_php_imagick.dll.dll (The specified module could not be found.)) in Unknown on line 0
[20-Sep-2018 15:44:13 UTC] PHP Warning:  PHP Startup: Unable to load dynamic library 'php_oci8_12c.dll' (tried: ext\php_oci8_12c.dll (The specified module could not be found.), ext\php_php_oci8_12c.dll.dll (The specified module could not be found.)) in Unknown on line 0
[20-Sep-2018 15:44:13 UTC] PHP Warning:  PHP Startup: Unable to load dynamic library 'php_pdflib.dll' (tried: ext\php_pdflib.dll (The specified module could not be found.), ext\php_php_pdflib.dll.dll (The specified module could not be found.)) in Unknown on line 0
[20-Sep-2018 15:44:13 UTC] PHP Warning:  PHP Startup: Unable to load dynamic library 'php_pdo_oci.dll' (tried: ext\php_pdo_oci.dll (The specified module could not be found.), ext\php_php_pdo_oci.dll.dll (The specified module could not be found.)) in Unknown on line 0
[20-Sep-2018 15:56:33 UTC] PHP Warning:  PHP Startup: Unable to load dynamic library 'php_imagick.dll' (tried: ext\php_imagick.dll (The specified module could not be found.), ext\php_php_imagick.dll.dll (The specified module could not be found.)) in Unknown on line 0
[20-Sep-2018 15:56:33 UTC] PHP Warning:  PHP Startup: Unable to load dynamic library 'php_oci8_12c.dll' (tried: ext\php_oci8_12c.dll (The specified module could not be found.), ext\php_php_oci8_12c.dll.dll (The specified module could not be found.)) in Unknown on line 0
[20-Sep-2018 15:56:33 UTC] PHP Warning:  PHP Startup: Unable to load dynamic library 'php_pdflib.dll' (tried: ext\php_pdflib.dll (The specified module could not be found.), ext\php_php_pdflib.dll.dll (The specified module could not be found.)) in Unknown on line 0
[20-Sep-2018 15:56:33 UTC] PHP Warning:  PHP Startup: Unable to load dynamic library 'php_pdo_oci.dll' (tried: ext\php_pdo_oci.dll (The specified module could not be found.), ext\php_php_pdo_oci.dll.dll (The specified module could not be found.)) in Unknown on line 0
[20-Sep-2018 15:59:47 UTC] PHP Warning:  PHP Startup: Unable to load dynamic library 'php_imagick.dll' (tried: ext\php_imagick.dll (The specified module could not be found.), ext\php_php_imagick.dll.dll (The specified module could not be found.)) in Unknown on line 0
[20-Sep-2018 15:59:47 UTC] PHP Warning:  PHP Startup: Unable to load dynamic library 'php_oci8_12c.dll' (tried: ext\php_oci8_12c.dll (The specified module could not be found.), ext\php_php_oci8_12c.dll.dll (The specified module could not be found.)) in Unknown on line 0
[20-Sep-2018 15:59:47 UTC] PHP Warning:  PHP Startup: Unable to load dynamic library 'php_pdflib.dll' (tried: ext\php_pdflib.dll (The specified module could not be found.), ext\php_php_pdflib.dll.dll (The specified module could not be found.)) in Unknown on line 0
[20-Sep-2018 15:59:47 UTC] PHP Warning:  PHP Startup: Unable to load dynamic library 'php_pdo_oci.dll' (tried: ext\php_pdo_oci.dll (The specified module could not be found.), ext\php_php_pdo_oci.dll.dll (The specified module could not be found.)) in Unknown on line 0
[20-Sep-2018 16:03:29 UTC] PHP Warning:  PHP Startup: Unable to load dynamic library 'php_imagick.dll' (tried: ext\php_imagick.dll (The specified module could not be found.), ext\php_php_imagick.dll.dll (The specified module could not be found.)) in Unknown on line 0
[20-Sep-2018 16:03:29 UTC] PHP Warning:  PHP Startup: Unable to load dynamic library 'php_oci8_12c.dll' (tried: ext\php_oci8_12c.dll (The specified module could not be found.), ext\php_php_oci8_12c.dll.dll (The specified module could not be found.)) in Unknown on line 0
[20-Sep-2018 16:03:29 UTC] PHP Warning:  PHP Startup: Unable to load dynamic library 'php_pdflib.dll' (tried: ext\php_pdflib.dll (The specified module could not be found.), ext\php_php_pdflib.dll.dll (The specified module could not be found.)) in Unknown on line 0
[20-Sep-2018 16:03:29 UTC] PHP Warning:  PHP Startup: Unable to load dynamic library 'php_pdo_oci.dll' (tried: ext\php_pdo_oci.dll (The specified module could not be found.), ext\php_php_pdo_oci.dll.dll (The specified module could not be found.)) in Unknown on line 0
[20-Sep-2018 16:05:43 UTC] PHP Warning:  PHP Startup: Unable to load dynamic library 'php_imagick.dll' (tried: ext\php_imagick.dll (The specified module could not be found.), ext\php_php_imagick.dll.dll (The specified module could not be found.)) in Unknown on line 0
[20-Sep-2018 16:05:43 UTC] PHP Warning:  PHP Startup: Unable to load dynamic library 'php_oci8_12c.dll' (tried: ext\php_oci8_12c.dll (The specified module could not be found.), ext\php_php_oci8_12c.dll.dll (The specified module could not be found.)) in Unknown on line 0
[20-Sep-2018 16:05:43 UTC] PHP Warning:  PHP Startup: Unable to load dynamic library 'php_pdflib.dll' (tried: ext\php_pdflib.dll (The specified module could not be found.), ext\php_php_pdflib.dll.dll (The specified module could not be found.)) in Unknown on line 0
[20-Sep-2018 16:05:43 UTC] PHP Warning:  PHP Startup: Unable to load dynamic library 'php_pdo_oci.dll' (tried: ext\php_pdo_oci.dll (The specified module could not be found.), ext\php_php_pdo_oci.dll.dll (The specified module could not be found.)) in Unknown on line 0
[20-Sep-2018 16:05:45 UTC] PHP Warning:  PHP Startup: Unable to load dynamic library 'php_imagick.dll' (tried: ext\php_imagick.dll (The specified module could not be found.), ext\php_php_imagick.dll.dll (The specified module could not be found.)) in Unknown on line 0
[20-Sep-2018 16:05:45 UTC] PHP Warning:  PHP Startup: Unable to load dynamic library 'php_oci8_12c.dll' (tried: ext\php_oci8_12c.dll (The specified module could not be found.), ext\php_php_oci8_12c.dll.dll (The specified module could not be found.)) in Unknown on line 0
[20-Sep-2018 16:05:45 UTC] PHP Warning:  PHP Startup: Unable to load dynamic library 'php_pdflib.dll' (tried: ext\php_pdflib.dll (The specified module could not be found.), ext\php_php_pdflib.dll.dll (The specified module could not be found.)) in Unknown on line 0
[20-Sep-2018 16:05:45 UTC] PHP Warning:  PHP Startup: Unable to load dynamic library 'php_pdo_oci.dll' (tried: ext\php_pdo_oci.dll (The specified module could not be found.), ext\php_php_pdo_oci.dll.dll (The specified module could not be found.)) in Unknown on line 0
[20-Sep-2018 16:06:11 UTC] PHP Warning:  PHP Startup: Unable to load dynamic library 'php_imagick.dll' (tried: ext\php_imagick.dll (The specified module could not be found.), ext\php_php_imagick.dll.dll (The specified module could not be found.)) in Unknown on line 0
[20-Sep-2018 16:06:11 UTC] PHP Warning:  PHP Startup: Unable to load dynamic library 'php_oci8_12c.dll' (tried: ext\php_oci8_12c.dll (The specified module could not be found.), ext\php_php_oci8_12c.dll.dll (The specified module could not be found.)) in Unknown on line 0
[20-Sep-2018 16:06:11 UTC] PHP Warning:  PHP Startup: Unable to load dynamic library 'php_pdflib.dll' (tried: ext\php_pdflib.dll (The specified module could not be found.), ext\php_php_pdflib.dll.dll (The specified module could not be found.)) in Unknown on line 0
[20-Sep-2018 16:06:11 UTC] PHP Warning:  PHP Startup: Unable to load dynamic library 'php_pdo_oci.dll' (tried: ext\php_pdo_oci.dll (The specified module could not be found.), ext\php_php_pdo_oci.dll.dll (The specified module could not be found.)) in Unknown on line 0
[20-Sep-2018 16:06:24 UTC] PHP Warning:  PHP Startup: Unable to load dynamic library 'php_imagick.dll' (tried: ext\php_imagick.dll (The specified module could not be found.), ext\php_php_imagick.dll.dll (The specified module could not be found.)) in Unknown on line 0
[20-Sep-2018 16:06:25 UTC] PHP Warning:  PHP Startup: Unable to load dynamic library 'php_oci8_12c.dll' (tried: ext\php_oci8_12c.dll (The specified module could not be found.), ext\php_php_oci8_12c.dll.dll (The specified module could not be found.)) in Unknown on line 0
[20-Sep-2018 16:06:25 UTC] PHP Warning:  PHP Startup: Unable to load dynamic library 'php_pdflib.dll' (tried: ext\php_pdflib.dll (The specified module could not be found.), ext\php_php_pdflib.dll.dll (The specified module could not be found.)) in Unknown on line 0
[20-Sep-2018 16:06:25 UTC] PHP Warning:  PHP Startup: Unable to load dynamic library 'php_pdo_oci.dll' (tried: ext\php_pdo_oci.dll (The specified module could not be found.), ext\php_php_pdo_oci.dll.dll (The specified module could not be found.)) in Unknown on line 0
[20-Sep-2018 16:06:26 UTC] PHP Warning:  PHP Startup: Unable to load dynamic library 'php_imagick.dll' (tried: ext\php_imagick.dll (The specified module could not be found.), ext\php_php_imagick.dll.dll (The specified module could not be found.)) in Unknown on line 0
[20-Sep-2018 16:06:26 UTC] PHP Warning:  PHP Startup: Unable to load dynamic library 'php_oci8_12c.dll' (tried: ext\php_oci8_12c.dll (The specified module could not be found.), ext\php_php_oci8_12c.dll.dll (The specified module could not be found.)) in Unknown on line 0
[20-Sep-2018 16:06:26 UTC] PHP Warning:  PHP Startup: Unable to load dynamic library 'php_pdflib.dll' (tried: ext\php_pdflib.dll (The specified module could not be found.), ext\php_php_pdflib.dll.dll (The specified module could not be found.)) in Unknown on line 0
[20-Sep-2018 16:06:26 UTC] PHP Warning:  PHP Startup: Unable to load dynamic library 'php_pdo_oci.dll' (tried: ext\php_pdo_oci.dll (The specified module could not be found.), ext\php_php_pdo_oci.dll.dll (The specified module could not be found.)) in Unknown on line 0
[20-Sep-2018 16:06:44 UTC] PHP Warning:  PHP Startup: Unable to load dynamic library 'php_imagick.dll' (tried: ext\php_imagick.dll (The specified module could not be found.), ext\php_php_imagick.dll.dll (The specified module could not be found.)) in Unknown on line 0
[20-Sep-2018 16:06:44 UTC] PHP Warning:  PHP Startup: Unable to load dynamic library 'php_oci8_12c.dll' (tried: ext\php_oci8_12c.dll (The specified module could not be found.), ext\php_php_oci8_12c.dll.dll (The specified module could not be found.)) in Unknown on line 0
[20-Sep-2018 16:06:44 UTC] PHP Warning:  PHP Startup: Unable to load dynamic library 'php_pdflib.dll' (tried: ext\php_pdflib.dll (The specified module could not be found.), ext\php_php_pdflib.dll.dll (The specified module could not be found.)) in Unknown on line 0
[20-Sep-2018 16:06:44 UTC] PHP Warning:  PHP Startup: Unable to load dynamic library 'php_pdo_oci.dll' (tried: ext\php_pdo_oci.dll (The specified module could not be found.), ext\php_php_pdo_oci.dll.dll (The specified module could not be found.)) in Unknown on line 0
[21-Sep-2018 08:04:33 UTC] PHP Warning:  PHP Startup: Unable to load dynamic library 'php_imagick.dll' (tried: ext\php_imagick.dll (The specified module could not be found.), ext\php_php_imagick.dll.dll (The specified module could not be found.)) in Unknown on line 0
[21-Sep-2018 08:04:34 UTC] PHP Warning:  PHP Startup: Unable to load dynamic library 'php_oci8_12c.dll' (tried: ext\php_oci8_12c.dll (The specified module could not be found.), ext\php_php_oci8_12c.dll.dll (The specified module could not be found.)) in Unknown on line 0
[21-Sep-2018 08:04:34 UTC] PHP Warning:  PHP Startup: Unable to load dynamic library 'php_pdflib.dll' (tried: ext\php_pdflib.dll (The specified module could not be found.), ext\php_php_pdflib.dll.dll (The specified module could not be found.)) in Unknown on line 0
[21-Sep-2018 08:04:34 UTC] PHP Warning:  PHP Startup: Unable to load dynamic library 'php_pdo_oci.dll' (tried: ext\php_pdo_oci.dll (The specified module could not be found.), ext\php_php_pdo_oci.dll.dll (The specified module could not be found.)) in Unknown on line 0
[21-Sep-2018 08:12:12 UTC] PHP Warning:  PHP Startup: Unable to load dynamic library 'php_imagick.dll' (tried: ext\php_imagick.dll (The specified module could not be found.), ext\php_php_imagick.dll.dll (The specified module could not be found.)) in Unknown on line 0
[21-Sep-2018 08:12:12 UTC] PHP Warning:  PHP Startup: Unable to load dynamic library 'php_oci8_12c.dll' (tried: ext\php_oci8_12c.dll (The specified module could not be found.), ext\php_php_oci8_12c.dll.dll (The specified module could not be found.)) in Unknown on line 0
[21-Sep-2018 08:12:12 UTC] PHP Warning:  PHP Startup: Unable to load dynamic library 'php_pdflib.dll' (tried: ext\php_pdflib.dll (The specified module could not be found.), ext\php_php_pdflib.dll.dll (The specified module could not be found.)) in Unknown on line 0
[21-Sep-2018 08:12:12 UTC] PHP Warning:  PHP Startup: Unable to load dynamic library 'php_pdo_oci.dll' (tried: ext\php_pdo_oci.dll (The specified module could not be found.), ext\php_php_pdo_oci.dll.dll (The specified module could not be found.)) in Unknown on line 0
[21-Sep-2018 08:12:13 UTC] PHP Warning:  PHP Startup: Unable to load dynamic library 'php_imagick.dll' (tried: ext\php_imagick.dll (The specified module could not be found.), ext\php_php_imagick.dll.dll (The specified module could not be found.)) in Unknown on line 0
[21-Sep-2018 08:12:13 UTC] PHP Warning:  PHP Startup: Unable to load dynamic library 'php_oci8_12c.dll' (tried: ext\php_oci8_12c.dll (The specified module could not be found.), ext\php_php_oci8_12c.dll.dll (The specified module could not be found.)) in Unknown on line 0
[21-Sep-2018 08:12:13 UTC] PHP Warning:  PHP Startup: Unable to load dynamic library 'php_pdflib.dll' (tried: ext\php_pdflib.dll (The specified module could not be found.), ext\php_php_pdflib.dll.dll (The specified module could not be found.)) in Unknown on line 0
[21-Sep-2018 08:12:13 UTC] PHP Warning:  PHP Startup: Unable to load dynamic library 'php_pdo_oci.dll' (tried: ext\php_pdo_oci.dll (The specified module could not be found.), ext\php_php_pdo_oci.dll.dll (The specified module could not be found.)) in Unknown on line 0
[21-Sep-2018 08:14:52 UTC] PHP Warning:  PHP Startup: Unable to load dynamic library 'php_imagick.dll' (tried: ext\php_imagick.dll (The specified module could not be found.), ext\php_php_imagick.dll.dll (The specified module could not be found.)) in Unknown on line 0
[21-Sep-2018 08:14:52 UTC] PHP Warning:  PHP Startup: Unable to load dynamic library 'php_oci8_12c.dll' (tried: ext\php_oci8_12c.dll (The specified module could not be found.), ext\php_php_oci8_12c.dll.dll (The specified module could not be found.)) in Unknown on line 0
[21-Sep-2018 08:14:52 UTC] PHP Warning:  PHP Startup: Unable to load dynamic library 'php_pdflib.dll' (tried: ext\php_pdflib.dll (The specified module could not be found.), ext\php_php_pdflib.dll.dll (The specified module could not be found.)) in Unknown on line 0
[21-Sep-2018 08:14:52 UTC] PHP Warning:  PHP Startup: Unable to load dynamic library 'php_pdo_oci.dll' (tried: ext\php_pdo_oci.dll (The specified module could not be found.), ext\php_php_pdo_oci.dll.dll (The specified module could not be found.)) in Unknown on line 0
[21-Sep-2018 08:38:30 UTC] PHP Warning:  PHP Startup: Unable to load dynamic library 'php_imagick.dll' (tried: ext\php_imagick.dll (The specified module could not be found.), ext\php_php_imagick.dll.dll (The specified module could not be found.)) in Unknown on line 0
[21-Sep-2018 08:38:30 UTC] PHP Warning:  PHP Startup: Unable to load dynamic library 'php_oci8_12c.dll' (tried: ext\php_oci8_12c.dll (The specified module could not be found.), ext\php_php_oci8_12c.dll.dll (The specified module could not be found.)) in Unknown on line 0
[21-Sep-2018 08:38:30 UTC] PHP Warning:  PHP Startup: Unable to load dynamic library 'php_pdflib.dll' (tried: ext\php_pdflib.dll (The specified module could not be found.), ext\php_php_pdflib.dll.dll (The specified module could not be found.)) in Unknown on line 0
[21-Sep-2018 08:38:30 UTC] PHP Warning:  PHP Startup: Unable to load dynamic library 'php_pdo_oci.dll' (tried: ext\php_pdo_oci.dll (The specified module could not be found.), ext\php_php_pdo_oci.dll.dll (The specified module could not be found.)) in Unknown on line 0
[21-Sep-2018 08:38:31 UTC] PHP Warning:  PHP Startup: Unable to load dynamic library 'php_imagick.dll' (tried: ext\php_imagick.dll (The specified module could not be found.), ext\php_php_imagick.dll.dll (The specified module could not be found.)) in Unknown on line 0
[21-Sep-2018 08:38:31 UTC] PHP Warning:  PHP Startup: Unable to load dynamic library 'php_oci8_12c.dll' (tried: ext\php_oci8_12c.dll (The specified module could not be found.), ext\php_php_oci8_12c.dll.dll (The specified module could not be found.)) in Unknown on line 0
[21-Sep-2018 08:38:31 UTC] PHP Warning:  PHP Startup: Unable to load dynamic library 'php_pdflib.dll' (tried: ext\php_pdflib.dll (The specified module could not be found.), ext\php_php_pdflib.dll.dll (The specified module could not be found.)) in Unknown on line 0
[21-Sep-2018 08:38:31 UTC] PHP Warning:  PHP Startup: Unable to load dynamic library 'php_pdo_oci.dll' (tried: ext\php_pdo_oci.dll (The specified module could not be found.), ext\php_php_pdo_oci.dll.dll (The specified module could not be found.)) in Unknown on line 0
[21-Sep-2018 08:39:14 UTC] PHP Warning:  PHP Startup: Unable to load dynamic library 'php_imagick.dll' (tried: ext\php_imagick.dll (The specified module could not be found.), ext\php_php_imagick.dll.dll (The specified module could not be found.)) in Unknown on line 0
[21-Sep-2018 08:39:14 UTC] PHP Warning:  PHP Startup: Unable to load dynamic library 'php_oci8_12c.dll' (tried: ext\php_oci8_12c.dll (The specified module could not be found.), ext\php_php_oci8_12c.dll.dll (The specified module could not be found.)) in Unknown on line 0
[21-Sep-2018 08:39:14 UTC] PHP Warning:  PHP Startup: Unable to load dynamic library 'php_pdflib.dll' (tried: ext\php_pdflib.dll (The specified module could not be found.), ext\php_php_pdflib.dll.dll (The specified module could not be found.)) in Unknown on line 0
[21-Sep-2018 08:39:14 UTC] PHP Warning:  PHP Startup: Unable to load dynamic library 'php_pdo_oci.dll' (tried: ext\php_pdo_oci.dll (The specified module could not be found.), ext\php_php_pdo_oci.dll.dll (The specified module could not be found.)) in Unknown on line 0
[21-Sep-2018 08:39:21 UTC] PHP Warning:  PHP Startup: Unable to load dynamic library 'php_imagick.dll' (tried: ext\php_imagick.dll (The specified module could not be found.), ext\php_php_imagick.dll.dll (The specified module could not be found.)) in Unknown on line 0
[21-Sep-2018 08:39:21 UTC] PHP Warning:  PHP Startup: Unable to load dynamic library 'php_oci8_12c.dll' (tried: ext\php_oci8_12c.dll (The specified module could not be found.), ext\php_php_oci8_12c.dll.dll (The specified module could not be found.)) in Unknown on line 0
[21-Sep-2018 08:39:21 UTC] PHP Warning:  PHP Startup: Unable to load dynamic library 'php_pdflib.dll' (tried: ext\php_pdflib.dll (The specified module could not be found.), ext\php_php_pdflib.dll.dll (The specified module could not be found.)) in Unknown on line 0
[21-Sep-2018 08:39:21 UTC] PHP Warning:  PHP Startup: Unable to load dynamic library 'php_pdo_oci.dll' (tried: ext\php_pdo_oci.dll (The specified module could not be found.), ext\php_php_pdo_oci.dll.dll (The specified module could not be found.)) in Unknown on line 0
[21-Sep-2018 08:39:22 UTC] PHP Warning:  PHP Startup: Unable to load dynamic library 'php_imagick.dll' (tried: ext\php_imagick.dll (The specified module could not be found.), ext\php_php_imagick.dll.dll (The specified module could not be found.)) in Unknown on line 0
[21-Sep-2018 08:39:22 UTC] PHP Warning:  PHP Startup: Unable to load dynamic library 'php_oci8_12c.dll' (tried: ext\php_oci8_12c.dll (The specified module could not be found.), ext\php_php_oci8_12c.dll.dll (The specified module could not be found.)) in Unknown on line 0
[21-Sep-2018 08:39:22 UTC] PHP Warning:  PHP Startup: Unable to load dynamic library 'php_pdflib.dll' (tried: ext\php_pdflib.dll (The specified module could not be found.), ext\php_php_pdflib.dll.dll (The specified module could not be found.)) in Unknown on line 0
[21-Sep-2018 08:39:22 UTC] PHP Warning:  PHP Startup: Unable to load dynamic library 'php_pdo_oci.dll' (tried: ext\php_pdo_oci.dll (The specified module could not be found.), ext\php_php_pdo_oci.dll.dll (The specified module could not be found.)) in Unknown on line 0
[21-Sep-2018 08:39:49 UTC] PHP Warning:  PHP Startup: Unable to load dynamic library 'php_imagick.dll' (tried: ext\php_imagick.dll (The specified module could not be found.), ext\php_php_imagick.dll.dll (The specified module could not be found.)) in Unknown on line 0
[21-Sep-2018 08:39:49 UTC] PHP Warning:  PHP Startup: Unable to load dynamic library 'php_oci8_12c.dll' (tried: ext\php_oci8_12c.dll (The specified module could not be found.), ext\php_php_oci8_12c.dll.dll (The specified module could not be found.)) in Unknown on line 0
[21-Sep-2018 08:39:49 UTC] PHP Warning:  PHP Startup: Unable to load dynamic library 'php_pdflib.dll' (tried: ext\php_pdflib.dll (The specified module could not be found.), ext\php_php_pdflib.dll.dll (The specified module could not be found.)) in Unknown on line 0
[21-Sep-2018 08:39:49 UTC] PHP Warning:  PHP Startup: Unable to load dynamic library 'php_pdo_oci.dll' (tried: ext\php_pdo_oci.dll (The specified module could not be found.), ext\php_php_pdo_oci.dll.dll (The specified module could not be found.)) in Unknown on line 0
[21-Sep-2018 08:42:19 UTC] PHP Warning:  PHP Startup: Unable to load dynamic library 'php_imagick.dll' (tried: ext\php_imagick.dll (The specified module could not be found.), ext\php_php_imagick.dll.dll (The specified module could not be found.)) in Unknown on line 0
[21-Sep-2018 08:42:19 UTC] PHP Warning:  PHP Startup: Unable to load dynamic library 'php_oci8_12c.dll' (tried: ext\php_oci8_12c.dll (The specified module could not be found.), ext\php_php_oci8_12c.dll.dll (The specified module could not be found.)) in Unknown on line 0
[21-Sep-2018 08:42:19 UTC] PHP Warning:  PHP Startup: Unable to load dynamic library 'php_pdflib.dll' (tried: ext\php_pdflib.dll (The specified module could not be found.), ext\php_php_pdflib.dll.dll (The specified module could not be found.)) in Unknown on line 0
[21-Sep-2018 08:42:19 UTC] PHP Warning:  PHP Startup: Unable to load dynamic library 'php_pdo_oci.dll' (tried: ext\php_pdo_oci.dll (The specified module could not be found.), ext\php_php_pdo_oci.dll.dll (The specified module could not be found.)) in Unknown on line 0
[21-Sep-2018 08:42:21 UTC] PHP Warning:  PHP Startup: Unable to load dynamic library 'php_imagick.dll' (tried: ext\php_imagick.dll (The specified module could not be found.), ext\php_php_imagick.dll.dll (The specified module could not be found.)) in Unknown on line 0
[21-Sep-2018 08:42:21 UTC] PHP Warning:  PHP Startup: Unable to load dynamic library 'php_oci8_12c.dll' (tried: ext\php_oci8_12c.dll (The specified module could not be found.), ext\php_php_oci8_12c.dll.dll (The specified module could not be found.)) in Unknown on line 0
[21-Sep-2018 08:42:21 UTC] PHP Warning:  PHP Startup: Unable to load dynamic library 'php_pdflib.dll' (tried: ext\php_pdflib.dll (The specified module could not be found.), ext\php_php_pdflib.dll.dll (The specified module could not be found.)) in Unknown on line 0
[21-Sep-2018 08:42:21 UTC] PHP Warning:  PHP Startup: Unable to load dynamic library 'php_pdo_oci.dll' (tried: ext\php_pdo_oci.dll (The specified module could not be found.), ext\php_php_pdo_oci.dll.dll (The specified module could not be found.)) in Unknown on line 0
[21-Sep-2018 08:42:43 UTC] PHP Warning:  PHP Startup: Unable to load dynamic library 'php_imagick.dll' (tried: ext\php_imagick.dll (The specified module could not be found.), ext\php_php_imagick.dll.dll (The specified module could not be found.)) in Unknown on line 0
[21-Sep-2018 08:42:43 UTC] PHP Warning:  PHP Startup: Unable to load dynamic library 'php_oci8_12c.dll' (tried: ext\php_oci8_12c.dll (The specified module could not be found.), ext\php_php_oci8_12c.dll.dll (The specified module could not be found.)) in Unknown on line 0
[21-Sep-2018 08:42:43 UTC] PHP Warning:  PHP Startup: Unable to load dynamic library 'php_pdflib.dll' (tried: ext\php_pdflib.dll (The specified module could not be found.), ext\php_php_pdflib.dll.dll (The specified module could not be found.)) in Unknown on line 0
[21-Sep-2018 08:42:43 UTC] PHP Warning:  PHP Startup: Unable to load dynamic library 'php_pdo_oci.dll' (tried: ext\php_pdo_oci.dll (The specified module could not be found.), ext\php_php_pdo_oci.dll.dll (The specified module could not be found.)) in Unknown on line 0
[21-Sep-2018 08:45:17 UTC] PHP Warning:  PHP Startup: Unable to load dynamic library 'php_imagick.dll' (tried: ext\php_imagick.dll (The specified module could not be found.), ext\php_php_imagick.dll.dll (The specified module could not be found.)) in Unknown on line 0
[21-Sep-2018 08:45:17 UTC] PHP Warning:  PHP Startup: Unable to load dynamic library 'php_oci8_12c.dll' (tried: ext\php_oci8_12c.dll (The specified module could not be found.), ext\php_php_oci8_12c.dll.dll (The specified module could not be found.)) in Unknown on line 0
[21-Sep-2018 08:45:17 UTC] PHP Warning:  PHP Startup: Unable to load dynamic library 'php_pdflib.dll' (tried: ext\php_pdflib.dll (The specified module could not be found.), ext\php_php_pdflib.dll.dll (The specified module could not be found.)) in Unknown on line 0
[21-Sep-2018 08:45:17 UTC] PHP Warning:  PHP Startup: Unable to load dynamic library 'php_pdo_oci.dll' (tried: ext\php_pdo_oci.dll (The specified module could not be found.), ext\php_php_pdo_oci.dll.dll (The specified module could not be found.)) in Unknown on line 0
[21-Sep-2018 08:45:18 UTC] PHP Warning:  PHP Startup: Unable to load dynamic library 'php_imagick.dll' (tried: ext\php_imagick.dll (The specified module could not be found.), ext\php_php_imagick.dll.dll (The specified module could not be found.)) in Unknown on line 0
[21-Sep-2018 08:45:18 UTC] PHP Warning:  PHP Startup: Unable to load dynamic library 'php_oci8_12c.dll' (tried: ext\php_oci8_12c.dll (The specified module could not be found.), ext\php_php_oci8_12c.dll.dll (The specified module could not be found.)) in Unknown on line 0
[21-Sep-2018 08:45:18 UTC] PHP Warning:  PHP Startup: Unable to load dynamic library 'php_pdflib.dll' (tried: ext\php_pdflib.dll (The specified module could not be found.), ext\php_php_pdflib.dll.dll (The specified module could not be found.)) in Unknown on line 0
[21-Sep-2018 08:45:18 UTC] PHP Warning:  PHP Startup: Unable to load dynamic library 'php_pdo_oci.dll' (tried: ext\php_pdo_oci.dll (The specified module could not be found.), ext\php_php_pdo_oci.dll.dll (The specified module could not be found.)) in Unknown on line 0
[21-Sep-2018 08:45:37 UTC] PHP Warning:  PHP Startup: Unable to load dynamic library 'php_imagick.dll' (tried: ext\php_imagick.dll (The specified module could not be found.), ext\php_php_imagick.dll.dll (The specified module could not be found.)) in Unknown on line 0
[21-Sep-2018 08:45:37 UTC] PHP Warning:  PHP Startup: Unable to load dynamic library 'php_oci8_12c.dll' (tried: ext\php_oci8_12c.dll (The specified module could not be found.), ext\php_php_oci8_12c.dll.dll (The specified module could not be found.)) in Unknown on line 0
[21-Sep-2018 08:45:37 UTC] PHP Warning:  PHP Startup: Unable to load dynamic library 'php_pdflib.dll' (tried: ext\php_pdflib.dll (The specified module could not be found.), ext\php_php_pdflib.dll.dll (The specified module could not be found.)) in Unknown on line 0
[21-Sep-2018 08:45:37 UTC] PHP Warning:  PHP Startup: Unable to load dynamic library 'php_pdo_oci.dll' (tried: ext\php_pdo_oci.dll (The specified module could not be found.), ext\php_php_pdo_oci.dll.dll (The specified module could not be found.)) in Unknown on line 0
[21-Sep-2018 08:47:43 UTC] PHP Warning:  PHP Startup: Unable to load dynamic library 'php_imagick.dll' (tried: ext\php_imagick.dll (The specified module could not be found.), ext\php_php_imagick.dll.dll (The specified module could not be found.)) in Unknown on line 0
[21-Sep-2018 08:47:43 UTC] PHP Warning:  PHP Startup: Unable to load dynamic library 'php_oci8_12c.dll' (tried: ext\php_oci8_12c.dll (The specified module could not be found.), ext\php_php_oci8_12c.dll.dll (The specified module could not be found.)) in Unknown on line 0
[21-Sep-2018 08:47:43 UTC] PHP Warning:  PHP Startup: Unable to load dynamic library 'php_pdflib.dll' (tried: ext\php_pdflib.dll (The specified module could not be found.), ext\php_php_pdflib.dll.dll (The specified module could not be found.)) in Unknown on line 0
[21-Sep-2018 08:47:43 UTC] PHP Warning:  PHP Startup: Unable to load dynamic library 'php_pdo_oci.dll' (tried: ext\php_pdo_oci.dll (The specified module could not be found.), ext\php_php_pdo_oci.dll.dll (The specified module could not be found.)) in Unknown on line 0
[21-Sep-2018 08:47:44 UTC] PHP Warning:  PHP Startup: Unable to load dynamic library 'php_imagick.dll' (tried: ext\php_imagick.dll (The specified module could not be found.), ext\php_php_imagick.dll.dll (The specified module could not be found.)) in Unknown on line 0
[21-Sep-2018 08:47:44 UTC] PHP Warning:  PHP Startup: Unable to load dynamic library 'php_oci8_12c.dll' (tried: ext\php_oci8_12c.dll (The specified module could not be found.), ext\php_php_oci8_12c.dll.dll (The specified module could not be found.)) in Unknown on line 0
[21-Sep-2018 08:47:44 UTC] PHP Warning:  PHP Startup: Unable to load dynamic library 'php_pdflib.dll' (tried: ext\php_pdflib.dll (The specified module could not be found.), ext\php_php_pdflib.dll.dll (The specified module could not be found.)) in Unknown on line 0
[21-Sep-2018 08:47:44 UTC] PHP Warning:  PHP Startup: Unable to load dynamic library 'php_pdo_oci.dll' (tried: ext\php_pdo_oci.dll (The specified module could not be found.), ext\php_php_pdo_oci.dll.dll (The specified module could not be found.)) in Unknown on line 0
[21-Sep-2018 08:48:10 UTC] PHP Warning:  PHP Startup: Unable to load dynamic library 'php_imagick.dll' (tried: ext\php_imagick.dll (The specified module could not be found.), ext\php_php_imagick.dll.dll (The specified module could not be found.)) in Unknown on line 0
[21-Sep-2018 08:48:10 UTC] PHP Warning:  PHP Startup: Unable to load dynamic library 'php_oci8_12c.dll' (tried: ext\php_oci8_12c.dll (The specified module could not be found.), ext\php_php_oci8_12c.dll.dll (The specified module could not be found.)) in Unknown on line 0
[21-Sep-2018 08:48:10 UTC] PHP Warning:  PHP Startup: Unable to load dynamic library 'php_pdflib.dll' (tried: ext\php_pdflib.dll (The specified module could not be found.), ext\php_php_pdflib.dll.dll (The specified module could not be found.)) in Unknown on line 0
[21-Sep-2018 08:48:10 UTC] PHP Warning:  PHP Startup: Unable to load dynamic library 'php_pdo_oci.dll' (tried: ext\php_pdo_oci.dll (The specified module could not be found.), ext\php_php_pdo_oci.dll.dll (The specified module could not be found.)) in Unknown on line 0
[21-Sep-2018 08:52:19 UTC] PHP Warning:  PHP Startup: Unable to load dynamic library 'php_imagick.dll' (tried: ext\php_imagick.dll (The specified module could not be found.), ext\php_php_imagick.dll.dll (The specified module could not be found.)) in Unknown on line 0
[21-Sep-2018 08:52:19 UTC] PHP Warning:  PHP Startup: Unable to load dynamic library 'php_oci8_12c.dll' (tried: ext\php_oci8_12c.dll (The specified module could not be found.), ext\php_php_oci8_12c.dll.dll (The specified module could not be found.)) in Unknown on line 0
[21-Sep-2018 08:52:19 UTC] PHP Warning:  PHP Startup: Unable to load dynamic library 'php_pdflib.dll' (tried: ext\php_pdflib.dll (The specified module could not be found.), ext\php_php_pdflib.dll.dll (The specified module could not be found.)) in Unknown on line 0
[21-Sep-2018 08:52:19 UTC] PHP Warning:  PHP Startup: Unable to load dynamic library 'php_pdo_oci.dll' (tried: ext\php_pdo_oci.dll (The specified module could not be found.), ext\php_php_pdo_oci.dll.dll (The specified module could not be found.)) in Unknown on line 0
[21-Sep-2018 08:52:20 UTC] PHP Warning:  PHP Startup: Unable to load dynamic library 'php_imagick.dll' (tried: ext\php_imagick.dll (The specified module could not be found.), ext\php_php_imagick.dll.dll (The specified module could not be found.)) in Unknown on line 0
[21-Sep-2018 08:52:20 UTC] PHP Warning:  PHP Startup: Unable to load dynamic library 'php_oci8_12c.dll' (tried: ext\php_oci8_12c.dll (The specified module could not be found.), ext\php_php_oci8_12c.dll.dll (The specified module could not be found.)) in Unknown on line 0
[21-Sep-2018 08:52:20 UTC] PHP Warning:  PHP Startup: Unable to load dynamic library 'php_pdflib.dll' (tried: ext\php_pdflib.dll (The specified module could not be found.), ext\php_php_pdflib.dll.dll (The specified module could not be found.)) in Unknown on line 0
[21-Sep-2018 08:52:20 UTC] PHP Warning:  PHP Startup: Unable to load dynamic library 'php_pdo_oci.dll' (tried: ext\php_pdo_oci.dll (The specified module could not be found.), ext\php_php_pdo_oci.dll.dll (The specified module could not be found.)) in Unknown on line 0
[21-Sep-2018 08:52:44 UTC] PHP Warning:  PHP Startup: Unable to load dynamic library 'php_imagick.dll' (tried: ext\php_imagick.dll (The specified module could not be found.), ext\php_php_imagick.dll.dll (The specified module could not be found.)) in Unknown on line 0
[21-Sep-2018 08:52:44 UTC] PHP Warning:  PHP Startup: Unable to load dynamic library 'php_oci8_12c.dll' (tried: ext\php_oci8_12c.dll (The specified module could not be found.), ext\php_php_oci8_12c.dll.dll (The specified module could not be found.)) in Unknown on line 0
[21-Sep-2018 08:52:44 UTC] PHP Warning:  PHP Startup: Unable to load dynamic library 'php_pdflib.dll' (tried: ext\php_pdflib.dll (The specified module could not be found.), ext\php_php_pdflib.dll.dll (The specified module could not be found.)) in Unknown on line 0
[21-Sep-2018 08:52:44 UTC] PHP Warning:  PHP Startup: Unable to load dynamic library 'php_pdo_oci.dll' (tried: ext\php_pdo_oci.dll (The specified module could not be found.), ext\php_php_pdo_oci.dll.dll (The specified module could not be found.)) in Unknown on line 0
[21-Sep-2018 08:53:32 UTC] PHP Warning:  PHP Startup: Unable to load dynamic library 'php_imagick.dll' (tried: ext\php_imagick.dll (The specified module could not be found.), ext\php_php_imagick.dll.dll (The specified module could not be found.)) in Unknown on line 0
[21-Sep-2018 08:53:32 UTC] PHP Warning:  PHP Startup: Unable to load dynamic library 'php_oci8_12c.dll' (tried: ext\php_oci8_12c.dll (The specified module could not be found.), ext\php_php_oci8_12c.dll.dll (The specified module could not be found.)) in Unknown on line 0
[21-Sep-2018 08:53:32 UTC] PHP Warning:  PHP Startup: Unable to load dynamic library 'php_pdflib.dll' (tried: ext\php_pdflib.dll (The specified module could not be found.), ext\php_php_pdflib.dll.dll (The specified module could not be found.)) in Unknown on line 0
[21-Sep-2018 08:53:32 UTC] PHP Warning:  PHP Startup: Unable to load dynamic library 'php_pdo_oci.dll' (tried: ext\php_pdo_oci.dll (The specified module could not be found.), ext\php_php_pdo_oci.dll.dll (The specified module could not be found.)) in Unknown on line 0
[21-Sep-2018 08:53:33 UTC] PHP Warning:  PHP Startup: Unable to load dynamic library 'php_imagick.dll' (tried: ext\php_imagick.dll (The specified module could not be found.), ext\php_php_imagick.dll.dll (The specified module could not be found.)) in Unknown on line 0
[21-Sep-2018 08:53:33 UTC] PHP Warning:  PHP Startup: Unable to load dynamic library 'php_oci8_12c.dll' (tried: ext\php_oci8_12c.dll (The specified module could not be found.), ext\php_php_oci8_12c.dll.dll (The specified module could not be found.)) in Unknown on line 0
[21-Sep-2018 08:53:33 UTC] PHP Warning:  PHP Startup: Unable to load dynamic library 'php_pdflib.dll' (tried: ext\php_pdflib.dll (The specified module could not be found.), ext\php_php_pdflib.dll.dll (The specified module could not be found.)) in Unknown on line 0
[21-Sep-2018 08:53:33 UTC] PHP Warning:  PHP Startup: Unable to load dynamic library 'php_pdo_oci.dll' (tried: ext\php_pdo_oci.dll (The specified module could not be found.), ext\php_php_pdo_oci.dll.dll (The specified module could not be found.)) in Unknown on line 0
[21-Sep-2018 08:53:54 UTC] PHP Warning:  PHP Startup: Unable to load dynamic library 'php_imagick.dll' (tried: ext\php_imagick.dll (The specified module could not be found.), ext\php_php_imagick.dll.dll (The specified module could not be found.)) in Unknown on line 0
[21-Sep-2018 08:53:54 UTC] PHP Warning:  PHP Startup: Unable to load dynamic library 'php_oci8_12c.dll' (tried: ext\php_oci8_12c.dll (The specified module could not be found.), ext\php_php_oci8_12c.dll.dll (The specified module could not be found.)) in Unknown on line 0
[21-Sep-2018 08:53:54 UTC] PHP Warning:  PHP Startup: Unable to load dynamic library 'php_pdflib.dll' (tried: ext\php_pdflib.dll (The specified module could not be found.), ext\php_php_pdflib.dll.dll (The specified module could not be found.)) in Unknown on line 0
[21-Sep-2018 08:53:54 UTC] PHP Warning:  PHP Startup: Unable to load dynamic library 'php_pdo_oci.dll' (tried: ext\php_pdo_oci.dll (The specified module could not be found.), ext\php_php_pdo_oci.dll.dll (The specified module could not be found.)) in Unknown on line 0
[21-Sep-2018 09:20:24 UTC] PHP Warning:  PHP Startup: Unable to load dynamic library 'php_imagick.dll' (tried: ext\php_imagick.dll (The specified module could not be found.), ext\php_php_imagick.dll.dll (The specified module could not be found.)) in Unknown on line 0
[21-Sep-2018 09:20:24 UTC] PHP Warning:  PHP Startup: Unable to load dynamic library 'php_oci8_12c.dll' (tried: ext\php_oci8_12c.dll (The specified module could not be found.), ext\php_php_oci8_12c.dll.dll (The specified module could not be found.)) in Unknown on line 0
[21-Sep-2018 09:20:24 UTC] PHP Warning:  PHP Startup: Unable to load dynamic library 'php_pdflib.dll' (tried: ext\php_pdflib.dll (The specified module could not be found.), ext\php_php_pdflib.dll.dll (The specified module could not be found.)) in Unknown on line 0
[21-Sep-2018 09:20:24 UTC] PHP Warning:  PHP Startup: Unable to load dynamic library 'php_pdo_oci.dll' (tried: ext\php_pdo_oci.dll (The specified module could not be found.), ext\php_php_pdo_oci.dll.dll (The specified module could not be found.)) in Unknown on line 0
[21-Sep-2018 09:20:25 UTC] PHP Warning:  PHP Startup: Unable to load dynamic library 'php_imagick.dll' (tried: ext\php_imagick.dll (The specified module could not be found.), ext\php_php_imagick.dll.dll (The specified module could not be found.)) in Unknown on line 0
[21-Sep-2018 09:20:25 UTC] PHP Warning:  PHP Startup: Unable to load dynamic library 'php_oci8_12c.dll' (tried: ext\php_oci8_12c.dll (The specified module could not be found.), ext\php_php_oci8_12c.dll.dll (The specified module could not be found.)) in Unknown on line 0
[21-Sep-2018 09:20:25 UTC] PHP Warning:  PHP Startup: Unable to load dynamic library 'php_pdflib.dll' (tried: ext\php_pdflib.dll (The specified module could not be found.), ext\php_php_pdflib.dll.dll (The specified module could not be found.)) in Unknown on line 0
[21-Sep-2018 09:20:25 UTC] PHP Warning:  PHP Startup: Unable to load dynamic library 'php_pdo_oci.dll' (tried: ext\php_pdo_oci.dll (The specified module could not be found.), ext\php_php_pdo_oci.dll.dll (The specified module could not be found.)) in Unknown on line 0
[21-Sep-2018 09:21:08 UTC] PHP Warning:  PHP Startup: Unable to load dynamic library 'php_imagick.dll' (tried: ext\php_imagick.dll (The specified module could not be found.), ext\php_php_imagick.dll.dll (The specified module could not be found.)) in Unknown on line 0
[21-Sep-2018 09:21:08 UTC] PHP Warning:  PHP Startup: Unable to load dynamic library 'php_oci8_12c.dll' (tried: ext\php_oci8_12c.dll (The specified module could not be found.), ext\php_php_oci8_12c.dll.dll (The specified module could not be found.)) in Unknown on line 0
[21-Sep-2018 09:21:08 UTC] PHP Warning:  PHP Startup: Unable to load dynamic library 'php_pdflib.dll' (tried: ext\php_pdflib.dll (The specified module could not be found.), ext\php_php_pdflib.dll.dll (The specified module could not be found.)) in Unknown on line 0
[21-Sep-2018 09:21:08 UTC] PHP Warning:  PHP Startup: Unable to load dynamic library 'php_pdo_oci.dll' (tried: ext\php_pdo_oci.dll (The specified module could not be found.), ext\php_php_pdo_oci.dll.dll (The specified module could not be found.)) in Unknown on line 0
[21-Sep-2018 09:21:14 UTC] PHP Warning:  PHP Startup: Unable to load dynamic library 'php_imagick.dll' (tried: ext\php_imagick.dll (The specified module could not be found.), ext\php_php_imagick.dll.dll (The specified module could not be found.)) in Unknown on line 0
[21-Sep-2018 09:21:14 UTC] PHP Warning:  PHP Startup: Unable to load dynamic library 'php_oci8_12c.dll' (tried: ext\php_oci8_12c.dll (The specified module could not be found.), ext\php_php_oci8_12c.dll.dll (The specified module could not be found.)) in Unknown on line 0
[21-Sep-2018 09:21:14 UTC] PHP Warning:  PHP Startup: Unable to load dynamic library 'php_pdflib.dll' (tried: ext\php_pdflib.dll (The specified module could not be found.), ext\php_php_pdflib.dll.dll (The specified module could not be found.)) in Unknown on line 0
[21-Sep-2018 09:21:14 UTC] PHP Warning:  PHP Startup: Unable to load dynamic library 'php_pdo_oci.dll' (tried: ext\php_pdo_oci.dll (The specified module could not be found.), ext\php_php_pdo_oci.dll.dll (The specified module could not be found.)) in Unknown on line 0
[21-Sep-2018 09:21:15 UTC] PHP Warning:  PHP Startup: Unable to load dynamic library 'php_imagick.dll' (tried: ext\php_imagick.dll (The specified module could not be found.), ext\php_php_imagick.dll.dll (The specified module could not be found.)) in Unknown on line 0
[21-Sep-2018 09:21:15 UTC] PHP Warning:  PHP Startup: Unable to load dynamic library 'php_oci8_12c.dll' (tried: ext\php_oci8_12c.dll (The specified module could not be found.), ext\php_php_oci8_12c.dll.dll (The specified module could not be found.)) in Unknown on line 0
[21-Sep-2018 09:21:15 UTC] PHP Warning:  PHP Startup: Unable to load dynamic library 'php_pdflib.dll' (tried: ext\php_pdflib.dll (The specified module could not be found.), ext\php_php_pdflib.dll.dll (The specified module could not be found.)) in Unknown on line 0
[21-Sep-2018 09:21:15 UTC] PHP Warning:  PHP Startup: Unable to load dynamic library 'php_pdo_oci.dll' (tried: ext\php_pdo_oci.dll (The specified module could not be found.), ext\php_php_pdo_oci.dll.dll (The specified module could not be found.)) in Unknown on line 0
[21-Sep-2018 09:21:43 UTC] PHP Warning:  PHP Startup: Unable to load dynamic library 'php_imagick.dll' (tried: ext\php_imagick.dll (The specified module could not be found.), ext\php_php_imagick.dll.dll (The specified module could not be found.)) in Unknown on line 0
[21-Sep-2018 09:21:43 UTC] PHP Warning:  PHP Startup: Unable to load dynamic library 'php_oci8_12c.dll' (tried: ext\php_oci8_12c.dll (The specified module could not be found.), ext\php_php_oci8_12c.dll.dll (The specified module could not be found.)) in Unknown on line 0
[21-Sep-2018 09:21:43 UTC] PHP Warning:  PHP Startup: Unable to load dynamic library 'php_pdflib.dll' (tried: ext\php_pdflib.dll (The specified module could not be found.), ext\php_php_pdflib.dll.dll (The specified module could not be found.)) in Unknown on line 0
[21-Sep-2018 09:21:43 UTC] PHP Warning:  PHP Startup: Unable to load dynamic library 'php_pdo_oci.dll' (tried: ext\php_pdo_oci.dll (The specified module could not be found.), ext\php_php_pdo_oci.dll.dll (The specified module could not be found.)) in Unknown on line 0
[21-Sep-2018 09:53:35 UTC] PHP Warning:  PHP Startup: Unable to load dynamic library 'php_imagick.dll' (tried: ext\php_imagick.dll (The specified module could not be found.), ext\php_php_imagick.dll.dll (The specified module could not be found.)) in Unknown on line 0
[21-Sep-2018 09:53:35 UTC] PHP Warning:  PHP Startup: Unable to load dynamic library 'php_oci8_12c.dll' (tried: ext\php_oci8_12c.dll (The specified module could not be found.), ext\php_php_oci8_12c.dll.dll (The specified module could not be found.)) in Unknown on line 0
[21-Sep-2018 09:53:35 UTC] PHP Warning:  PHP Startup: Unable to load dynamic library 'php_pdflib.dll' (tried: ext\php_pdflib.dll (The specified module could not be found.), ext\php_php_pdflib.dll.dll (The specified module could not be found.)) in Unknown on line 0
[21-Sep-2018 09:53:35 UTC] PHP Warning:  PHP Startup: Unable to load dynamic library 'php_pdo_oci.dll' (tried: ext\php_pdo_oci.dll (The specified module could not be found.), ext\php_php_pdo_oci.dll.dll (The specified module could not be found.)) in Unknown on line 0
[21-Sep-2018 09:57:50 UTC] PHP Warning:  PHP Startup: Unable to load dynamic library 'php_imagick.dll' (tried: ext\php_imagick.dll (The specified module could not be found.), ext\php_php_imagick.dll.dll (The specified module could not be found.)) in Unknown on line 0
[21-Sep-2018 09:57:50 UTC] PHP Warning:  PHP Startup: Unable to load dynamic library 'php_oci8_12c.dll' (tried: ext\php_oci8_12c.dll (The specified module could not be found.), ext\php_php_oci8_12c.dll.dll (The specified module could not be found.)) in Unknown on line 0
[21-Sep-2018 09:57:50 UTC] PHP Warning:  PHP Startup: Unable to load dynamic library 'php_pdflib.dll' (tried: ext\php_pdflib.dll (The specified module could not be found.), ext\php_php_pdflib.dll.dll (The specified module could not be found.)) in Unknown on line 0
[21-Sep-2018 09:57:50 UTC] PHP Warning:  PHP Startup: Unable to load dynamic library 'php_pdo_oci.dll' (tried: ext\php_pdo_oci.dll (The specified module could not be found.), ext\php_php_pdo_oci.dll.dll (The specified module could not be found.)) in Unknown on line 0
[21-Sep-2018 09:58:24 UTC] PHP Warning:  PHP Startup: Unable to load dynamic library 'php_imagick.dll' (tried: ext\php_imagick.dll (The specified module could not be found.), ext\php_php_imagick.dll.dll (The specified module could not be found.)) in Unknown on line 0
[21-Sep-2018 09:58:24 UTC] PHP Warning:  PHP Startup: Unable to load dynamic library 'php_oci8_12c.dll' (tried: ext\php_oci8_12c.dll (The specified module could not be found.), ext\php_php_oci8_12c.dll.dll (The specified module could not be found.)) in Unknown on line 0
[21-Sep-2018 09:58:24 UTC] PHP Warning:  PHP Startup: Unable to load dynamic library 'php_pdflib.dll' (tried: ext\php_pdflib.dll (The specified module could not be found.), ext\php_php_pdflib.dll.dll (The specified module could not be found.)) in Unknown on line 0
[21-Sep-2018 09:58:24 UTC] PHP Warning:  PHP Startup: Unable to load dynamic library 'php_pdo_oci.dll' (tried: ext\php_pdo_oci.dll (The specified module could not be found.), ext\php_php_pdo_oci.dll.dll (The specified module could not be found.)) in Unknown on line 0
[21-Sep-2018 11:01:11 UTC] PHP Warning:  PHP Startup: Unable to load dynamic library 'php_imagick.dll' (tried: ext\php_imagick.dll (The specified module could not be found.), ext\php_php_imagick.dll.dll (The specified module could not be found.)) in Unknown on line 0
[21-Sep-2018 11:01:11 UTC] PHP Warning:  PHP Startup: Unable to load dynamic library 'php_oci8_12c.dll' (tried: ext\php_oci8_12c.dll (The specified module could not be found.), ext\php_php_oci8_12c.dll.dll (The specified module could not be found.)) in Unknown on line 0
[21-Sep-2018 11:01:11 UTC] PHP Warning:  PHP Startup: Unable to load dynamic library 'php_pdflib.dll' (tried: ext\php_pdflib.dll (The specified module could not be found.), ext\php_php_pdflib.dll.dll (The specified module could not be found.)) in Unknown on line 0
[21-Sep-2018 11:01:11 UTC] PHP Warning:  PHP Startup: Unable to load dynamic library 'php_pdo_oci.dll' (tried: ext\php_pdo_oci.dll (The specified module could not be found.), ext\php_php_pdo_oci.dll.dll (The specified module could not be found.)) in Unknown on line 0
[21-Sep-2018 14:02:06 UTC] PHP Warning:  PHP Startup: Unable to load dynamic library 'php_imagick.dll' (tried: ext\php_imagick.dll (The specified module could not be found.), ext\php_php_imagick.dll.dll (The specified module could not be found.)) in Unknown on line 0
[21-Sep-2018 14:02:07 UTC] PHP Warning:  PHP Startup: Unable to load dynamic library 'php_oci8_12c.dll' (tried: ext\php_oci8_12c.dll (The specified module could not be found.), ext\php_php_oci8_12c.dll.dll (The specified module could not be found.)) in Unknown on line 0
[21-Sep-2018 14:02:07 UTC] PHP Warning:  PHP Startup: Unable to load dynamic library 'php_pdflib.dll' (tried: ext\php_pdflib.dll (The specified module could not be found.), ext\php_php_pdflib.dll.dll (The specified module could not be found.)) in Unknown on line 0
[21-Sep-2018 14:02:07 UTC] PHP Warning:  PHP Startup: Unable to load dynamic library 'php_pdo_oci.dll' (tried: ext\php_pdo_oci.dll (The specified module could not be found.), ext\php_php_pdo_oci.dll.dll (The specified module could not be found.)) in Unknown on line 0
[03-Oct-2018 10:09:03 UTC] PHP Warning:  PHP Startup: Unable to load dynamic library 'php_imagick.dll' (tried: ext\php_imagick.dll (The specified module could not be found.), ext\php_php_imagick.dll.dll (The specified module could not be found.)) in Unknown on line 0
[03-Oct-2018 10:09:03 UTC] PHP Warning:  PHP Startup: Unable to load dynamic library 'php_oci8_12c.dll' (tried: ext\php_oci8_12c.dll (The specified module could not be found.), ext\php_php_oci8_12c.dll.dll (The specified module could not be found.)) in Unknown on line 0
[03-Oct-2018 10:09:03 UTC] PHP Warning:  PHP Startup: Unable to load dynamic library 'php_pdflib.dll' (tried: ext\php_pdflib.dll (The specified module could not be found.), ext\php_php_pdflib.dll.dll (The specified module could not be found.)) in Unknown on line 0
[03-Oct-2018 10:09:03 UTC] PHP Warning:  PHP Startup: Unable to load dynamic library 'php_pdo_oci.dll' (tried: ext\php_pdo_oci.dll (The specified module could not be found.), ext\php_php_pdo_oci.dll.dll (The specified module could not be found.)) in Unknown on line 0
[03-Oct-2018 10:35:09 UTC] PHP Warning:  PHP Startup: Unable to load dynamic library 'php_imagick.dll' (tried: ext\php_imagick.dll (The specified module could not be found.), ext\php_php_imagick.dll.dll (The specified module could not be found.)) in Unknown on line 0
[03-Oct-2018 10:35:09 UTC] PHP Warning:  PHP Startup: Unable to load dynamic library 'php_oci8_12c.dll' (tried: ext\php_oci8_12c.dll (The specified module could not be found.), ext\php_php_oci8_12c.dll.dll (The specified module could not be found.)) in Unknown on line 0
[03-Oct-2018 10:35:09 UTC] PHP Warning:  PHP Startup: Unable to load dynamic library 'php_pdflib.dll' (tried: ext\php_pdflib.dll (The specified module could not be found.), ext\php_php_pdflib.dll.dll (The specified module could not be found.)) in Unknown on line 0
[03-Oct-2018 10:35:09 UTC] PHP Warning:  PHP Startup: Unable to load dynamic library 'php_pdo_oci.dll' (tried: ext\php_pdo_oci.dll (The specified module could not be found.), ext\php_php_pdo_oci.dll.dll (The specified module could not be found.)) in Unknown on line 0
[03-Oct-2018 10:35:10 UTC] PHP Warning:  PHP Startup: Unable to load dynamic library 'php_imagick.dll' (tried: ext\php_imagick.dll (The specified module could not be found.), ext\php_php_imagick.dll.dll (The specified module could not be found.)) in Unknown on line 0
[03-Oct-2018 10:35:10 UTC] PHP Warning:  PHP Startup: Unable to load dynamic library 'php_oci8_12c.dll' (tried: ext\php_oci8_12c.dll (The specified module could not be found.), ext\php_php_oci8_12c.dll.dll (The specified module could not be found.)) in Unknown on line 0
[03-Oct-2018 10:35:10 UTC] PHP Warning:  PHP Startup: Unable to load dynamic library 'php_pdflib.dll' (tried: ext\php_pdflib.dll (The specified module could not be found.), ext\php_php_pdflib.dll.dll (The specified module could not be found.)) in Unknown on line 0
[03-Oct-2018 10:35:10 UTC] PHP Warning:  PHP Startup: Unable to load dynamic library 'php_pdo_oci.dll' (tried: ext\php_pdo_oci.dll (The specified module could not be found.), ext\php_php_pdo_oci.dll.dll (The specified module could not be found.)) in Unknown on line 0
[03-Oct-2018 10:39:03 UTC] PHP Warning:  PHP Startup: Unable to load dynamic library 'php_imagick.dll' (tried: ext\php_imagick.dll (The specified module could not be found.), ext\php_php_imagick.dll.dll (The specified module could not be found.)) in Unknown on line 0
[03-Oct-2018 10:39:03 UTC] PHP Warning:  PHP Startup: Unable to load dynamic library 'php_oci8_12c.dll' (tried: ext\php_oci8_12c.dll (The specified module could not be found.), ext\php_php_oci8_12c.dll.dll (The specified module could not be found.)) in Unknown on line 0
[03-Oct-2018 10:39:03 UTC] PHP Warning:  PHP Startup: Unable to load dynamic library 'php_pdflib.dll' (tried: ext\php_pdflib.dll (The specified module could not be found.), ext\php_php_pdflib.dll.dll (The specified module could not be found.)) in Unknown on line 0
[03-Oct-2018 10:39:03 UTC] PHP Warning:  PHP Startup: Unable to load dynamic library 'php_pdo_oci.dll' (tried: ext\php_pdo_oci.dll (The specified module could not be found.), ext\php_php_pdo_oci.dll.dll (The specified module could not be found.)) in Unknown on line 0
[04-Oct-2018 12:53:19 UTC] PHP Warning:  PHP Startup: Unable to load dynamic library 'php_imagick.dll' (tried: ext\php_imagick.dll (The specified module could not be found.), ext\php_php_imagick.dll.dll (The specified module could not be found.)) in Unknown on line 0
[04-Oct-2018 12:53:30 UTC] PHP Warning:  PHP Startup: Unable to load dynamic library 'php_oci8_12c.dll' (tried: ext\php_oci8_12c.dll (The specified module could not be found.), ext\php_php_oci8_12c.dll.dll (The specified module could not be found.)) in Unknown on line 0
[04-Oct-2018 12:53:32 UTC] PHP Warning:  PHP Startup: Unable to load dynamic library 'php_pdflib.dll' (tried: ext\php_pdflib.dll (The specified module could not be found.), ext\php_php_pdflib.dll.dll (The specified module could not be found.)) in Unknown on line 0
[04-Oct-2018 12:53:32 UTC] PHP Warning:  PHP Startup: Unable to load dynamic library 'php_pdo_oci.dll' (tried: ext\php_pdo_oci.dll (The specified module could not be found.), ext\php_php_pdo_oci.dll.dll (The specified module could not be found.)) in Unknown on line 0
[04-Oct-2018 12:53:52 UTC] PHP Warning:  PHP Startup: Unable to load dynamic library 'php_imagick.dll' (tried: ext\php_imagick.dll (The specified module could not be found.), ext\php_php_imagick.dll.dll (The specified module could not be found.)) in Unknown on line 0
[04-Oct-2018 12:53:52 UTC] PHP Warning:  PHP Startup: Unable to load dynamic library 'php_oci8_12c.dll' (tried: ext\php_oci8_12c.dll (The specified module could not be found.), ext\php_php_oci8_12c.dll.dll (The specified module could not be found.)) in Unknown on line 0
[04-Oct-2018 12:53:52 UTC] PHP Warning:  PHP Startup: Unable to load dynamic library 'php_pdflib.dll' (tried: ext\php_pdflib.dll (The specified module could not be found.), ext\php_php_pdflib.dll.dll (The specified module could not be found.)) in Unknown on line 0
[04-Oct-2018 12:53:52 UTC] PHP Warning:  PHP Startup: Unable to load dynamic library 'php_pdo_oci.dll' (tried: ext\php_pdo_oci.dll (The specified module could not be found.), ext\php_php_pdo_oci.dll.dll (The specified module could not be found.)) in Unknown on line 0
[04-Oct-2018 13:07:52 UTC] PHP Warning:  PHP Startup: Unable to load dynamic library 'php_imagick.dll' (tried: ext\php_imagick.dll (The specified module could not be found.), ext\php_php_imagick.dll.dll (The specified module could not be found.)) in Unknown on line 0
[04-Oct-2018 13:07:52 UTC] PHP Warning:  PHP Startup: Unable to load dynamic library 'php_oci8_12c.dll' (tried: ext\php_oci8_12c.dll (The specified module could not be found.), ext\php_php_oci8_12c.dll.dll (The specified module could not be found.)) in Unknown on line 0
[04-Oct-2018 13:07:52 UTC] PHP Warning:  PHP Startup: Unable to load dynamic library 'php_pdflib.dll' (tried: ext\php_pdflib.dll (The specified module could not be found.), ext\php_php_pdflib.dll.dll (The specified module could not be found.)) in Unknown on line 0
[04-Oct-2018 13:07:52 UTC] PHP Warning:  PHP Startup: Unable to load dynamic library 'php_pdo_oci.dll' (tried: ext\php_pdo_oci.dll (The specified module could not be found.), ext\php_php_pdo_oci.dll.dll (The specified module could not be found.)) in Unknown on line 0
